#
# There is insufficient memory for the Java Runtime Environment to continue.
# Native memory allocation (malloc) failed to allocate 1048576 bytes. Error detail: AllocateHeap
# Possible reasons:
#   The system is out of physical RAM or swap space
#   This process is running with CompressedOops enabled, and the Java Heap may be blocking the growth of the native heap
# Possible solutions:
#   Reduce memory load on the system
#   Increase physical memory or swap space
#   Check if swap backing store is full
#   Decrease Java heap size (-Xmx/-Xms)
#   Decrease number of Java threads
#   Decrease Java thread stack sizes (-Xss)
#   Set larger code cache with -XX:ReservedCodeCacheSize=
#   JVM is running with Unscaled Compressed Oops mode in which the Java heap is
#     placed in the first 4GB address space. The Java Heap base address is the
#     maximum limit for the native heap growth. Please use -XX:HeapBaseMinAddress
#     to set the Java Heap base and to place the Java Heap above 4GB virtual address.
# This output file may be truncated or incomplete.
#
#  Out of Memory Error (allocation.cpp:44), pid=32920, tid=700
#
# JRE version:  (21.0.7+6) (build )
# Java VM: OpenJDK 64-Bit Server VM (21.0.7+6-LTS, mixed mode, sharing, tiered, compressed oops, compressed class ptrs, parallel gc, windows-amd64)
# No core dump will be written. Minidumps are not enabled by default on client versions of Windows
#

---------------  S U M M A R Y ------------

Command Line: --add-modules=ALL-SYSTEM --add-opens=java.base/java.util=ALL-UNNAMED --add-opens=java.base/java.lang=ALL-UNNAMED --add-opens=java.base/sun.nio.fs=ALL-UNNAMED -Declipse.application=org.eclipse.jdt.ls.core.id1 -Dosgi.bundles.defaultStartLevel=4 -Declipse.product=org.eclipse.jdt.ls.core.product -Djava.import.generatesMetadataFilesAtProjectRoot=false -DDetectVMInstallationsJob.disabled=true -Dfile.encoding=utf8 -XX:+UseParallelGC -XX:GCTimeRatio=4 -XX:AdaptiveSizePolicyWeight=90 -Dsun.zip.disableMemoryMapping=true -Xmx1G -Xms100m -Xlog:disable -javaagent:c:\Users\Win10 Pro x64\.vscode\extensions\redhat.java-1.42.0-win32-x64\lombok\lombok-1.18.36.jar -XX:+HeapDumpOnOutOfMemoryError -XX:HeapDumpPath=c:\Users\Win10 Pro x64\AppData\Roaming\Code\User\workspaceStorage\229fdc9f75fc91320a387850f67be9b6\redhat.java -Daether.dependencyCollector.impl=bf c:\Users\Win10 Pro x64\.vscode\extensions\redhat.java-1.42.0-win32-x64\server\plugins\org.eclipse.equinox.launcher_1.7.0.v20250424-1814.jar -configuration c:\Users\Win10 Pro x64\AppData\Roaming\Code\User\globalStorage\redhat.java\1.42.0\config_win -data c:\Users\Win10 Pro x64\AppData\Roaming\Code\User\workspaceStorage\229fdc9f75fc91320a387850f67be9b6\redhat.java\jdt_ws --pipe=\\.\pipe\lsp-8eb10e7b32f33ed3bc94686f75c50c10-sock

Host: Intel(R) Core(TM) i5-5300U CPU @ 2.30GHz, 4 cores, 7G,  Windows 10 , 64 bit Build 19041 (10.0.19041.5915)
Time: Thu Jun  5 22:00:24 2025 Europe de l , 64 bit Build 19041 (10.0.19041.5915) elapsed time: 0.125727 seconds (0d 0h 0m 0s)

---------------  T H R E A D  ---------------

Current thread (0x000001398baf7140):  JavaThread "Unknown thread" [_thread_in_vm, id=700, stack(0x000000157dd00000,0x000000157de00000) (1024K)]

Stack: [0x000000157dd00000,0x000000157de00000]
Native frames: (J=compiled Java code, j=interpreted, Vv=VM code, C=native code)
V  [jvm.dll+0x6ce119]
V  [jvm.dll+0x8a84a1]
V  [jvm.dll+0x8aa9ce]
V  [jvm.dll+0x8ab0b3]
V  [jvm.dll+0x27f8a6]
V  [jvm.dll+0xbfba7]
V  [jvm.dll+0x70b72d]
V  [jvm.dll+0x70bdec]
V  [jvm.dll+0x6dcc68]
V  [jvm.dll+0x871dbc]
V  [jvm.dll+0x3bc47c]
V  [jvm.dll+0x85a848]
V  [jvm.dll+0x45080e]
V  [jvm.dll+0x452451]
C  [jli.dll+0x5278]
C  [ucrtbase.dll+0x21bb2]
C  [KERNEL32.DLL+0x17374]
C  [ntdll.dll+0x4cc91]


---------------  P R O C E S S  ---------------

Threads class SMR info:
_java_thread_list=0x000001398dde9e30, length=1, elements={
0x000001398baf7140
}

Java Threads: ( => current thread )
=>0x000001398baf7140 JavaThread "Unknown thread"             [_thread_in_vm, id=700, stack(0x000000157dd00000,0x000000157de00000) (1024K)]
Total: 1

Other Threads:
  0x000001398de2dcb0 WatcherThread "VM Periodic Task Thread"        [id=25396, stack(0x000000157df00000,0x000000157e000000) (1024K)]
  0x000001398dddfdb0 WorkerThread "GC Thread#0"                     [id=24916, stack(0x000000157de00000,0x000000157df00000) (1024K)]
Total: 2

Threads with active compile tasks:
Total: 0

VM state: not at safepoint (normal execution)

VM Mutex/Monitor currently owned by a thread: None

Heap address: 0x00000000c0000000, size: 1024 MB, Compressed Oops mode: 32-bit

CDS archive(s) mapped at: [0x00000139a2000000-0x00000139a2ba0000-0x00000139a2ba0000), size 12189696, SharedBaseAddress: 0x00000139a2000000, ArchiveRelocationMode: 1.
Compressed class space mapped at: 0x00000139a3000000-0x00000139e3000000, reserved size: 1073741824
Narrow klass base: 0x00000139a2000000, Narrow klass shift: 0, Narrow klass range: 0x100000000

GC Precious Log:
 CardTable entry size: 512
 CPUs: 4 total, 4 available
 Memory: 7884M
 Large Page Support: Disabled
 NUMA Support: Disabled
 Compressed Oops: Enabled (32-bit)
 Alignments: Space 512K, Generation 512K, Heap 2M
 Heap Min Capacity: 100M
 Heap Initial Capacity: 100M
 Heap Max Capacity: 1G
 Pre-touch: Disabled
 Parallel Workers: 4

Heap:
 PSYoungGen      total 29696K, used 512K [0x00000000eab00000, 0x00000000ecc00000, 0x0000000100000000)
  eden space 25600K, 2% used [0x00000000eab00000,0x00000000eab80020,0x00000000ec400000)
  from space 4096K, 0% used [0x00000000ec800000,0x00000000ec800000,0x00000000ecc00000)
  to   space 4096K, 0% used [0x00000000ec400000,0x00000000ec400000,0x00000000ec800000)
 ParOldGen       total 68608K, used 0K [0x00000000c0000000, 0x00000000c4300000, 0x00000000eab00000)
  object space 68608K, 0% used [0x00000000c0000000,0x00000000c0000000,0x00000000c4300000)
 Metaspace       used 0K, committed 0K, reserved 1048576K
  class space    used 0K, committed 0K, reserved 1048576K

Card table byte_map: [0x000001398d770000,0x000001398d980000] _byte_map_base: 0x000001398d170000

Marking Bits: (ParMarkBitMap*) 0x00007ff9f7ac31f0
 Begin Bits: [0x000001399ffc0000, 0x00000139a0fc0000)
 End Bits:   [0x00000139a0fc0000, 0x00000139a1fc0000)

Polling page: 0x000001398baa0000

Metaspace:

Usage:
  Non-class:      0 bytes used.
      Class:      0 bytes used.
       Both:      0 bytes used.

Virtual space:
  Non-class space:        0 bytes reserved,       0 bytes (  ?%) committed,  0 nodes.
      Class space:        1.00 GB reserved,       0 bytes (  0%) committed,  1 nodes.
             Both:        1.00 GB reserved,       0 bytes (  0%) committed. 

Chunk freelists:
   Non-Class:  0 bytes
       Class:  16.00 MB
        Both:  16.00 MB

MaxMetaspaceSize: unlimited
CompressedClassSpaceSize: 1.00 GB
Initial GC threshold: 21.00 MB
Current GC threshold: 17179869184.00 GB
CDS: on
 - commit_granule_bytes: 65536.
 - commit_granule_words: 8192.
 - virtual_space_node_default_size: 8388608.
 - enlarge_chunks_in_place: 1.
 - use_allocation_guard: 0.


Internal statistics:

num_allocs_failed_limit: 0.
num_arena_births: 0.
num_arena_deaths: 0.
num_vsnodes_births: 1.
num_vsnodes_deaths: 0.
num_space_committed: 0.
num_space_uncommitted: 0.
num_chunks_returned_to_freelist: 0.
num_chunks_taken_from_freelist: 1.
num_chunk_merges: 0.
num_chunk_splits: 1.
num_chunks_enlarged: 0.
num_inconsistent_stats: 0.

CodeHeap 'non-profiled nmethods': size=120000Kb used=0Kb max_used=0Kb free=120000Kb
 bounds [0x0000013998a90000, 0x0000013998d00000, 0x000001399ffc0000]
CodeHeap 'profiled nmethods': size=120000Kb used=0Kb max_used=0Kb free=120000Kb
 bounds [0x0000013990fc0000, 0x0000013991230000, 0x00000139984f0000]
CodeHeap 'non-nmethods': size=5760Kb used=194Kb max_used=342Kb free=5565Kb
 bounds [0x00000139984f0000, 0x0000013998760000, 0x0000013998a90000]
 total_blobs=70 nmethods=0 adapters=48
 compilation: enabled
              stopped_count=0, restarted_count=0
 full_count=0

Compilation events (0 events):
No events

GC Heap History (0 events):
No events

Dll operation events (1 events):
Event: 0.018 Loaded shared library c:\Users\Win10 Pro x64\.vscode\extensions\redhat.java-1.42.0-win32-x64\jre\21.0.7-win32-x86_64\bin\java.dll

Deoptimization events (0 events):
No events

Classes loaded (0 events):
No events

Classes unloaded (0 events):
No events

Classes redefined (0 events):
No events

Internal exceptions (0 events):
No events

ZGC Phase Switch (0 events):
No events

VM Operations (0 events):
No events

Memory protections (0 events):
No events

Nmethod flushes (0 events):
No events

Events (1 events):
Event: 0.102 Thread 0x000001398baf7140 Thread added: 0x000001398baf7140


Dynamic libraries:
0x00007ff7f2ef0000 - 0x00007ff7f2efe000 	c:\Users\Win10 Pro x64\.vscode\extensions\redhat.java-1.42.0-win32-x64\jre\21.0.7-win32-x86_64\bin\java.exe
0x00007ffa66910000 - 0x00007ffa66b08000 	C:\WINDOWS\SYSTEM32\ntdll.dll
0x00007ffa66520000 - 0x00007ffa665e2000 	C:\WINDOWS\System32\KERNEL32.DLL
0x00007ffa64630000 - 0x00007ffa64926000 	C:\WINDOWS\System32\KERNELBASE.dll
0x00007ffa64330000 - 0x00007ffa64430000 	C:\WINDOWS\System32\ucrtbase.dll
0x00007ffa5ba10000 - 0x00007ffa5ba28000 	c:\Users\Win10 Pro x64\.vscode\extensions\redhat.java-1.42.0-win32-x64\jre\21.0.7-win32-x86_64\bin\jli.dll
0x00007ffa65050000 - 0x00007ffa651ed000 	C:\WINDOWS\System32\USER32.dll
0x00007ffa64430000 - 0x00007ffa64452000 	C:\WINDOWS\System32\win32u.dll
0x00007ffa64930000 - 0x00007ffa6495b000 	C:\WINDOWS\System32\GDI32.dll
0x00007ffa64490000 - 0x00007ffa645a9000 	C:\WINDOWS\System32\gdi32full.dll
0x00007ffa64080000 - 0x00007ffa6411d000 	C:\WINDOWS\System32\msvcp_win.dll
0x00007ffa62670000 - 0x00007ffa6268e000 	c:\Users\Win10 Pro x64\.vscode\extensions\redhat.java-1.42.0-win32-x64\jre\21.0.7-win32-x86_64\bin\VCRUNTIME140.dll
0x00007ffa54110000 - 0x00007ffa543aa000 	C:\WINDOWS\WinSxS\amd64_microsoft.windows.common-controls_6595b64144ccf1df_6.0.19041.5915_none_60b4b9d171f9c7c7\COMCTL32.dll
0x00007ffa65340000 - 0x00007ffa653de000 	C:\WINDOWS\System32\msvcrt.dll
0x00007ffa653e0000 - 0x00007ffa6540f000 	C:\WINDOWS\System32\IMM32.DLL
0x00007ffa62660000 - 0x00007ffa6266c000 	c:\Users\Win10 Pro x64\.vscode\extensions\redhat.java-1.42.0-win32-x64\jre\21.0.7-win32-x86_64\bin\vcruntime140_1.dll
0x00007ffa37ee0000 - 0x00007ffa37f6d000 	c:\Users\Win10 Pro x64\.vscode\extensions\redhat.java-1.42.0-win32-x64\jre\21.0.7-win32-x86_64\bin\msvcp140.dll
0x00007ff9f6e10000 - 0x00007ff9f7ba0000 	c:\Users\Win10 Pro x64\.vscode\extensions\redhat.java-1.42.0-win32-x64\jre\21.0.7-win32-x86_64\bin\server\jvm.dll
0x00007ffa65210000 - 0x00007ffa652c1000 	C:\WINDOWS\System32\ADVAPI32.dll
0x00007ffa66700000 - 0x00007ffa6679f000 	C:\WINDOWS\System32\sechost.dll
0x00007ffa64960000 - 0x00007ffa64a83000 	C:\WINDOWS\System32\RPCRT4.dll
0x00007ffa64460000 - 0x00007ffa64487000 	C:\WINDOWS\System32\bcrypt.dll
0x00007ffa652d0000 - 0x00007ffa6533b000 	C:\WINDOWS\System32\WS2_32.dll
0x00007ffa634f0000 - 0x00007ffa6353b000 	C:\WINDOWS\SYSTEM32\POWRPROF.dll
0x00007ffa52340000 - 0x00007ffa52367000 	C:\WINDOWS\SYSTEM32\WINMM.dll
0x00007ffa52370000 - 0x00007ffa5237a000 	C:\WINDOWS\SYSTEM32\VERSION.dll
0x00007ffa63360000 - 0x00007ffa63372000 	C:\WINDOWS\SYSTEM32\UMPDC.dll
0x00007ffa62780000 - 0x00007ffa62792000 	C:\WINDOWS\SYSTEM32\kernel.appcore.dll
0x00007ffa5de80000 - 0x00007ffa5de8a000 	c:\Users\Win10 Pro x64\.vscode\extensions\redhat.java-1.42.0-win32-x64\jre\21.0.7-win32-x86_64\bin\jimage.dll
0x00007ffa4fab0000 - 0x00007ffa4fcb1000 	C:\WINDOWS\SYSTEM32\DBGHELP.DLL
0x00007ffa4f2c0000 - 0x00007ffa4f2f4000 	C:\WINDOWS\SYSTEM32\dbgcore.DLL
0x00007ffa63ff0000 - 0x00007ffa64072000 	C:\WINDOWS\System32\bcryptPrimitives.dll
0x00007ffa5de40000 - 0x00007ffa5de4f000 	c:\Users\Win10 Pro x64\.vscode\extensions\redhat.java-1.42.0-win32-x64\jre\21.0.7-win32-x86_64\bin\instrument.dll
0x00007ffa53cc0000 - 0x00007ffa53cdf000 	c:\Users\Win10 Pro x64\.vscode\extensions\redhat.java-1.42.0-win32-x64\jre\21.0.7-win32-x86_64\bin\java.dll

dbghelp: loaded successfully - version: 4.0.5 - missing functions: none
symbol engine: initialized successfully - sym options: 0x614 - pdb path: .;c:\Users\Win10 Pro x64\.vscode\extensions\redhat.java-1.42.0-win32-x64\jre\21.0.7-win32-x86_64\bin;C:\WINDOWS\SYSTEM32;C:\WINDOWS\WinSxS\amd64_microsoft.windows.common-controls_6595b64144ccf1df_6.0.19041.5915_none_60b4b9d171f9c7c7;c:\Users\Win10 Pro x64\.vscode\extensions\redhat.java-1.42.0-win32-x64\jre\21.0.7-win32-x86_64\bin\server

VM Arguments:
jvm_args: --add-modules=ALL-SYSTEM --add-opens=java.base/java.util=ALL-UNNAMED --add-opens=java.base/java.lang=ALL-UNNAMED --add-opens=java.base/sun.nio.fs=ALL-UNNAMED -Declipse.application=org.eclipse.jdt.ls.core.id1 -Dosgi.bundles.defaultStartLevel=4 -Declipse.product=org.eclipse.jdt.ls.core.product -Djava.import.generatesMetadataFilesAtProjectRoot=false -DDetectVMInstallationsJob.disabled=true -Dfile.encoding=utf8 -XX:+UseParallelGC -XX:GCTimeRatio=4 -XX:AdaptiveSizePolicyWeight=90 -Dsun.zip.disableMemoryMapping=true -Xmx1G -Xms100m -Xlog:disable -javaagent:c:\Users\Win10 Pro x64\.vscode\extensions\redhat.java-1.42.0-win32-x64\lombok\lombok-1.18.36.jar -XX:+HeapDumpOnOutOfMemoryError -XX:HeapDumpPath=c:\Users\Win10 Pro x64\AppData\Roaming\Code\User\workspaceStorage\229fdc9f75fc91320a387850f67be9b6\redhat.java -Daether.dependencyCollector.impl=bf 
java_command: c:\Users\Win10 Pro x64\.vscode\extensions\redhat.java-1.42.0-win32-x64\server\plugins\org.eclipse.equinox.launcher_1.7.0.v20250424-1814.jar -configuration c:\Users\Win10 Pro x64\AppData\Roaming\Code\User\globalStorage\redhat.java\1.42.0\config_win -data c:\Users\Win10 Pro x64\AppData\Roaming\Code\User\workspaceStorage\229fdc9f75fc91320a387850f67be9b6\redhat.java\jdt_ws --pipe=\\.\pipe\lsp-8eb10e7b32f33ed3bc94686f75c50c10-sock
java_class_path (initial): c:\Users\Win10 Pro x64\.vscode\extensions\redhat.java-1.42.0-win32-x64\server\plugins\org.eclipse.equinox.launcher_1.7.0.v20250424-1814.jar
Launcher Type: SUN_STANDARD

[Global flags]
    uintx AdaptiveSizePolicyWeight                 = 90                                        {product} {command line}
     intx CICompilerCount                          = 3                                         {product} {ergonomic}
    uintx GCTimeRatio                              = 4                                         {product} {command line}
     bool HeapDumpOnOutOfMemoryError               = true                                   {manageable} {command line}
    ccstr HeapDumpPath                             = c:\Users\Win10 Pro x64\AppData\Roaming\Code\User\workspaceStorage\229fdc9f75fc91320a387850f67be9b6\redhat.java         {manageable} {command line}
   size_t InitialHeapSize                          = 104857600                                 {product} {command line}
   size_t MaxHeapSize                              = 1073741824                                {product} {command line}
   size_t MaxNewSize                               = 357564416                                 {product} {ergonomic}
   size_t MinHeapDeltaBytes                        = 524288                                    {product} {ergonomic}
   size_t MinHeapSize                              = 104857600                                 {product} {command line}
   size_t NewSize                                  = 34603008                                  {product} {ergonomic}
    uintx NonNMethodCodeHeapSize                   = 5832780                                {pd product} {ergonomic}
    uintx NonProfiledCodeHeapSize                  = 122912730                              {pd product} {ergonomic}
   size_t OldSize                                  = 70254592                                  {product} {ergonomic}
    uintx ProfiledCodeHeapSize                     = 122912730                              {pd product} {ergonomic}
    uintx ReservedCodeCacheSize                    = 251658240                              {pd product} {ergonomic}
     bool SegmentedCodeCache                       = true                                      {product} {ergonomic}
   size_t SoftMaxHeapSize                          = 1073741824                             {manageable} {ergonomic}
     bool UseCompressedOops                        = true                           {product lp64_product} {ergonomic}
     bool UseLargePagesIndividualAllocation        = false                                  {pd product} {ergonomic}
     bool UseParallelGC                            = true                                      {product} {command line}

Logging:
Log output configuration:
 #0: stdout all=off uptime,level,tags foldmultilines=false
 #1: stderr all=off uptime,level,tags foldmultilines=false

Environment Variables:
JAVA_HOME=C:\java jdk\jdk-22
PATH=C:\Program Files\Common Files\Oracle\Java\javapath;C:\Program Files (x86)\VMware\VMware Player\bin\;C:\Program Files\Java\jdk-19\bin;C:\Program Files (x86)\QuickTime\QTSystem\;C:\Program Files\nodejs\;C:\Program Files\Git\cmd;C:\Program Files\maven\apache-maven-3.9.6\bin;C:\Program Files\Docker\Docker\resources\bin;C:\ProgramData\chocolatey\bin;C:\xampp\php;C:\composer;C:\Program Files\IBM\SPSS\Statistics\23\JRE\bin;C:\Windows\System32;C:\Program Files\Bandizip\;C:\Users\Win10 Pro x64\AppData\Local\Programs\Python\Python312\Scripts\;C:\Users\Win10 Pro x64\AppData\Local\Programs\Python\Python312\;C:\Users\Win10 Pro x64\AppData\Local\Microsoft\WindowsApps;C:\Users\Win10 Pro x64\AppData\Local\Programs\Microsoft VS Code\bin;C:\java jdk\jdk-22\bin;C:\Users\Win10 Pro x64\AppData\Roaming\npm;C:\Program Files\Java\jdk-19\bin;C:\Users\Win10 Pro x64\AppData\Roaming\Composer\vendor\bin;C:\Windows\System32;C:\Program Files\JetBrains\IntelliJ IDEA 2024.1\bin;;C:\Program Files\PostgreSQL\16\bin;C:\ffmpeg;
USERNAME=Win10 Pro x64
OS=Windows_NT
PROCESSOR_IDENTIFIER=Intel64 Family 6 Model 61 Stepping 4, GenuineIntel
TMP=C:\Users\WIN10P~1\AppData\Local\Temp
TEMP=C:\Users\WIN10P~1\AppData\Local\Temp




Periodic native trim disabled

---------------  S Y S T E M  ---------------

OS:
 Windows 10 , 64 bit Build 19041 (10.0.19041.5915)
OS uptime: 1 days 14:25 hours
Hyper-V role detected

CPU: total 4 (initial active 4) (2 cores per cpu, 2 threads per core) family 6 model 61 stepping 4 microcode 0x2d, cx8, cmov, fxsr, ht, mmx, 3dnowpref, sse, sse2, sse3, ssse3, sse4.1, sse4.2, popcnt, lzcnt, tsc, tscinvbit, avx, avx2, aes, erms, clmul, bmi1, bmi2, rtm, adx, fma, vzeroupper, clflush, hv, rdtscp, f16c
Processor Information for the first 4 processors :
  Max Mhz: 2295, Current Mhz: 2295, Mhz Limit: 2295

Memory: 4k page, system-wide physical 7884M (425M free)
TotalPageFile size 20194M (AvailPageFile size 4M)
current process WorkingSet (physical memory assigned to process): 24M, peak: 24M
current process commit charge ("private bytes"): 169M, peak: 170M

vm_info: OpenJDK 64-Bit Server VM (21.0.7+6-LTS) for windows-amd64 JRE (21.0.7+6-LTS), built on 2025-04-15T00:00:00Z by "admin" with MS VC++ 17.7 (VS2022)

END.
